1557652101.041606 client started (13372): version 2.7, socket /private/tmp/tmux-501/default, protocol 8
1557652101.041720 on Darwin 17.7.0 Darwin Kernel Version 17.7.0: Thu Jun 21 22:53:14 PDT 2018; root:xnu-4570.71.2~1/RELEASE_X86_64; libevent 2.1.8-stable (select)
1557652101.041804 socket is /private/tmp/tmux-501/default
1557652101.041844 trying connect
1557652101.042013 add peer 0x7ff71d010000: 6 (0x0)
1557652101.047330 sending message 100 to peer 0x7ff71d010000 (4 bytes)
1557652101.047378 sending message 101 to peer 0x7ff71d010000 (16 bytes)
1557652101.047397 sending message 102 to peer 0x7ff71d010000 (13 bytes)
1557652101.047411 sending message 108 to peer 0x7ff71d010000 (39 bytes)
1557652101.047445 sending message 104 to peer 0x7ff71d010000 (0 bytes)
1557652101.047460 sending message 107 to peer 0x7ff71d010000 (4 bytes)
1557652101.047474 sending message 105 to peer 0x7ff71d010000 (76 bytes)
1557652101.047488 sending message 105 to peer 0x7ff71d010000 (26 bytes)
1557652101.047503 sending message 105 to peer 0x7ff71d010000 (15 bytes)
1557652101.047517 sending message 105 to peer 0x7ff71d010000 (20 bytes)
1557652101.047531 sending message 105 to peer 0x7ff71d010000 (22 bytes)
1557652101.047545 sending message 105 to peer 0x7ff71d010000 (106 bytes)
1557652101.047560 sending message 105 to peer 0x7ff71d010000 (11 bytes)
1557652101.047574 sending message 105 to peer 0x7ff71d010000 (30 bytes)
1557652101.047588 sending message 105 to peer 0x7ff71d010000 (26 bytes)
1557652101.047602 sending message 105 to peer 0x7ff71d010000 (22 bytes)
1557652101.047616 sending message 105 to peer 0x7ff71d010000 (32 bytes)
1557652101.047630 sending message 105 to peer 0x7ff71d010000 (41 bytes)
1557652101.047645 sending message 105 to peer 0x7ff71d010000 (18 bytes)
1557652101.047659 sending message 105 to peer 0x7ff71d010000 (21 bytes)
1557652101.047673 sending message 105 to peer 0x7ff71d010000 (17 bytes)
1557652101.047687 sending message 105 to peer 0x7ff71d010000 (21 bytes)
1557652101.047701 sending message 105 to peer 0x7ff71d010000 (19 bytes)
1557652101.047716 sending message 105 to peer 0x7ff71d010000 (75 bytes)
1557652101.047730 sending message 105 to peer 0x7ff71d010000 (26 bytes)
1557652101.047744 sending message 105 to peer 0x7ff71d010000 (69 bytes)
1557652101.047758 sending message 105 to peer 0x7ff71d010000 (22 bytes)
1557652101.047772 sending message 105 to peer 0x7ff71d010000 (61 bytes)
1557652101.047786 sending message 105 to peer 0x7ff71d010000 (17 bytes)
1557652101.047800 sending message 105 to peer 0x7ff71d010000 (23 bytes)
1557652101.047813 sending message 105 to peer 0x7ff71d010000 (23 bytes)
1557652101.047832 sending message 105 to peer 0x7ff71d010000 (21 bytes)
1557652101.047847 sending message 105 to peer 0x7ff71d010000 (27 bytes)
1557652101.047861 sending message 105 to peer 0x7ff71d010000 (24 bytes)
1557652101.047875 sending message 105 to peer 0x7ff71d010000 (24 bytes)
1557652101.047889 sending message 105 to peer 0x7ff71d010000 (20 bytes)
1557652101.047903 sending message 105 to peer 0x7ff71d010000 (23 bytes)
1557652101.047917 sending message 105 to peer 0x7ff71d010000 (21 bytes)
1557652101.047931 sending message 105 to peer 0x7ff71d010000 (25 bytes)
1557652101.047945 sending message 105 to peer 0x7ff71d010000 (20 bytes)
1557652101.047959 sending message 105 to peer 0x7ff71d010000 (31 bytes)
1557652101.047973 sending message 105 to peer 0x7ff71d010000 (18 bytes)
1557652101.047987 sending message 105 to peer 0x7ff71d010000 (37 bytes)
1557652101.048001 sending message 105 to peer 0x7ff71d010000 (17 bytes)
1557652101.048015 sending message 105 to peer 0x7ff71d010000 (17 bytes)
1557652101.048029 sending message 105 to peer 0x7ff71d010000 (17 bytes)
1557652101.048043 sending message 105 to peer 0x7ff71d010000 (17 bytes)
1557652101.048057 sending message 105 to peer 0x7ff71d010000 (25 bytes)
1557652101.048072 sending message 105 to peer 0x7ff71d010000 (25 bytes)
1557652101.048086 sending message 105 to peer 0x7ff71d010000 (21 bytes)
1557652101.048100 sending message 105 to peer 0x7ff71d010000 (17 bytes)
1557652101.048114 sending message 105 to peer 0x7ff71d010000 (21 bytes)
1557652101.048161 sending message 105 to peer 0x7ff71d010000 (21 bytes)
1557652101.048176 sending message 105 to peer 0x7ff71d010000 (28 bytes)
1557652101.048190 sending message 105 to peer 0x7ff71d010000 (21 bytes)
1557652101.048204 sending message 105 to peer 0x7ff71d010000 (25 bytes)
1557652101.048218 sending message 105 to peer 0x7ff71d010000 (15 bytes)
1557652101.048233 sending message 105 to peer 0x7ff71d010000 (2326 bytes)
1557652101.048265 sending message 105 to peer 0x7ff71d010000 (19 bytes)
1557652101.048282 sending message 105 to peer 0x7ff71d010000 (89 bytes)
1557652101.048296 sending message 105 to peer 0x7ff71d010000 (70 bytes)
1557652101.048310 sending message 105 to peer 0x7ff71d010000 (7 bytes)
1557652101.048324 sending message 105 to peer 0x7ff71d010000 (11 bytes)
1557652101.048338 sending message 105 to peer 0x7ff71d010000 (393 bytes)
1557652101.048353 sending message 105 to peer 0x7ff71d010000 (32 bytes)
1557652101.048371 sending message 105 to peer 0x7ff71d010000 (43 bytes)
1557652101.048386 sending message 105 to peer 0x7ff71d010000 (24 bytes)
1557652101.048400 sending message 105 to peer 0x7ff71d010000 (25 bytes)
1557652101.048414 sending message 105 to peer 0x7ff71d010000 (8 bytes)
1557652101.048428 sending message 105 to peer 0x7ff71d010000 (66 bytes)
1557652101.048442 sending message 105 to peer 0x7ff71d010000 (21 bytes)
1557652101.048456 sending message 105 to peer 0x7ff71d010000 (23 bytes)
1557652101.048470 sending message 105 to peer 0x7ff71d010000 (27 bytes)
1557652101.048484 sending message 105 to peer 0x7ff71d010000 (60 bytes)
1557652101.048498 sending message 105 to peer 0x7ff71d010000 (57 bytes)
1557652101.048512 sending message 105 to peer 0x7ff71d010000 (41 bytes)
1557652101.048526 sending message 105 to peer 0x7ff71d010000 (13 bytes)
1557652101.048540 sending message 105 to peer 0x7ff71d010000 (54 bytes)
1557652101.048554 sending message 105 to peer 0x7ff71d010000 (20 bytes)
1557652101.048569 sending message 105 to peer 0x7ff71d010000 (12 bytes)
1557652101.048583 sending message 105 to peer 0x7ff71d010000 (29 bytes)
1557652101.048597 sending message 105 to peer 0x7ff71d010000 (11 bytes)
1557652101.048611 sending message 105 to peer 0x7ff71d010000 (38 bytes)
1557652101.048625 sending message 105 to peer 0x7ff71d010000 (14 bytes)
1557652101.048639 sending message 105 to peer 0x7ff71d010000 (19 bytes)
1557652101.048653 sending message 105 to peer 0x7ff71d010000 (34 bytes)
1557652101.048667 sending message 105 to peer 0x7ff71d010000 (32 bytes)
1557652101.048681 sending message 105 to peer 0x7ff71d010000 (22 bytes)
1557652101.048695 sending message 106 to peer 0x7ff71d010000 (0 bytes)
1557652101.048715 sending message 200 to peer 0x7ff71d010000 (4 bytes)
1557652101.048730 client loop enter
1557652101.049233 peer 0x7ff71d010000 message 211
1557652101.049275 client_write: sessions should be nested with care, unset $TMUX to force\n
1557652101.049322 peer 0x7ff71d010000 message 203
1557652101.049340 client loop exit
